2021/10/28 18:06:41 0x3208e0
2021/10/28 18:06:55 Пожалуйста введите сумму больше 0
2021/10/28 18:29:53 no rows in result set
2021/10/28 18:30:41 0x4708e0
2021/10/28 18:31:38 0x8d08e0
2021/10/28 18:31:51 ошибка в PutTransferMoneyByPhoneno rows in result set
2021/10/28 18:33:27 0x3b08e0
2021/10/28 18:33:54 ошибка в PutTransferMoneyByPhoneno rows in result set
2021/10/28 18:34:28 0x8608e0
2021/10/28 18:35:17 ошибка в PutTransferMoneyByPhone
2021/10/28 22:37:21 0x5c08e0
2021/10/28 22:37:38 номер телефона получателя неправильно
2021/10/28 22:37:38 ошибка в PutTransferMoneyByPhone
2021/10/28 22:37:55 Пожалуйста введите сумму больше 0
2021/10/28 22:39:36 Пожалуйста введите сумму больше 0
2021/10/28 22:40:05 Пожалуйста введите сумму больше 0
2021/10/28 22:40:20 Пожалуйста введите сумму больше 0
2021/10/28 22:40:51 введите номер счета получателья правильно
2021/10/28 22:40:51 Не получилось перевести по номеру счета
2021/10/28 22:41:22 введите номер счета отправителья правильно
2021/10/28 22:41:22 Не получилось перевести по номеру счета
2021/10/28 22:41:51 Пожалуйста введите сумму больше 0
2021/10/28 22:42:53 Ошибка при выводе счетоа по Id
2021/10/28 22:42:53 Не удалось получить список счета по Id